OpenSES Version 4.2     
Executing...
Input Verification Started...
Input Verification Completed, Simulation Commencing...
Simulation Time:       10.00 Seconds
Simulation Time:       20.00 Seconds
Simulation Time:       30.00 Seconds
Simulation Time:       40.00 Seconds
Simulation Time:       50.00 Seconds
Simulation Time:       60.00 Seconds
Simulation Time:       70.00 Seconds
Simulation Time:       80.00 Seconds
Simulation Time:       90.00 Seconds
Simulation Time:      100.00 Seconds
Simulation Time:      110.00 Seconds
Simulation Time:      120.00 Seconds
Simulation Time:      130.00 Seconds
Simulation Time:      140.00 Seconds
Simulation Time:      150.00 Seconds
Simulation Time:      160.00 Seconds
Simulation Time:      170.00 Seconds
Simulation Time:      180.00 Seconds
Simulation Time:      190.00 Seconds
Simulation Time:      200.00 Seconds
Simulation Time:      210.00 Seconds
Simulation Time:      220.00 Seconds
Simulation Time:      230.00 Seconds
Simulation Time:      240.00 Seconds
Simulation Time:      250.00 Seconds
Simulation Time:      260.00 Seconds
Simulation Time:      270.00 Seconds
Simulation Time:      280.00 Seconds
Simulation Time:      290.00 Seconds
Simulation Time:      300.00 Seconds
Simulation Time:      310.00 Seconds
Simulation Time:      320.00 Seconds
Simulation Time:      330.00 Seconds
Simulation Time:      340.00 Seconds
Simulation Time:      350.00 Seconds
Simulation Time:      360.00 Seconds
Simulation Time:      370.00 Seconds
Simulation Time:      380.00 Seconds
Simulation Time:      390.00 Seconds
Simulation Time:      400.00 Seconds
Simulation Time:      410.00 Seconds
Simulation Time:      420.00 Seconds
Simulation Time:      430.00 Seconds
Simulation Time:      440.00 Seconds
Simulation Time:      450.00 Seconds
Simulation Time:      460.00 Seconds
Simulation Time:      470.00 Seconds
Simulation Time:      480.00 Seconds
Simulation Time:      490.00 Seconds
Simulation Time:      500.00 Seconds
